[2018-02-18 21-36-14] PHP User Warning: Invalid link: Destination must be non-empty string. in /Applications/MAMP/htdocs/test/vendor/nette/application/src/Application/UI/Presenter.php:1078  @  http://localhost:8888/test/www/forum/categoriessdvasc 
[2018-02-18 21-36-14] PHP User Warning: Invalid link: Destination must be non-empty string. in /Applications/MAMP/htdocs/test/vendor/nette/application/src/Application/UI/Presenter.php:1078  @  http://localhost:8888/test/www/bootstrap/fonts/glyphicons-halflings-regular.woff2 
[2018-02-18 21-36-14] PHP User Warning: Invalid link: Destination must be non-empty string. in /Applications/MAMP/htdocs/test/vendor/nette/application/src/Application/UI/Presenter.php:1078  @  http://localhost:8888/test/www/bootstrap/fonts/glyphicons-halflings-regular.woff 
[2018-02-18 21-36-14] PHP User Warning: Invalid link: Destination must be non-empty string. in /Applications/MAMP/htdocs/test/vendor/nette/application/src/Application/UI/Presenter.php:1078  @  http://localhost:8888/test/www/bootstrap/fonts/glyphicons-halflings-regular.ttf 
[2018-02-18 21-36-14] PHP User Warning: Invalid link: Destination must be non-empty string. in /Applications/MAMP/htdocs/test/vendor/nette/application/src/Application/UI/Presenter.php:1078  @  http://localhost:8888/test/www/bootstrap/fonts/glyphicons-halflings-regular.svg 
[2018-02-18 21-36-41] PHP User Warning: Invalid link: Destination must be non-empty string. in /Applications/MAMP/htdocs/test/vendor/nette/application/src/Application/UI/Presenter.php:1078  @  http://localhost:8888/test/www/bootstrap/fonts/glyphicons-halflings-regular.ttf 
[2018-02-18 21-36-41] PHP User Warning: Invalid link: Destination must be non-empty string. in /Applications/MAMP/htdocs/test/vendor/nette/application/src/Application/UI/Presenter.php:1078  @  http://localhost:8888/test/www/forum/categoriessdvasc 
[2018-02-18 21-36-41] PHP User Warning: Invalid link: Destination must be non-empty string. in /Applications/MAMP/htdocs/test/vendor/nette/application/src/Application/UI/Presenter.php:1078  @  http://localhost:8888/test/www/bootstrap/fonts/glyphicons-halflings-regular.svg 
[2018-02-18 21-36-41] PHP User Warning: Invalid link: Destination must be non-empty string. in /Applications/MAMP/htdocs/test/vendor/nette/application/src/Application/UI/Presenter.php:1078  @  http://localhost:8888/test/www/bootstrap/fonts/glyphicons-halflings-regular.woff 
[2018-02-18 21-36-41] PHP User Warning: Invalid link: Destination must be non-empty string. in /Applications/MAMP/htdocs/test/vendor/nette/application/src/Application/UI/Presenter.php:1078  @  http://localhost:8888/test/www/bootstrap/fonts/glyphicons-halflings-regular.woff2 
[2018-02-18 21-36-41] PHP User Warning: Invalid link: Destination must be non-empty string. in /Applications/MAMP/htdocs/test/vendor/nette/application/src/Application/UI/Presenter.php:1078  @  http://localhost:8888/test/www/bootstrap/fonts/glyphicons-halflings-regular.woff2 
[2018-02-18 21-36-49] PHP User Warning: Invalid link: Destination must be non-empty string. in /Applications/MAMP/htdocs/test/vendor/nette/application/src/Application/UI/Presenter.php:1078  @  http://localhost:8888/test/www/bootstrap/fonts/glyphicons-halflings-regular.woff 
[2018-02-18 21-36-49] PHP User Warning: Invalid link: Destination must be non-empty string. in /Applications/MAMP/htdocs/test/vendor/nette/application/src/Application/UI/Presenter.php:1078  @  http://localhost:8888/test/www/bootstrap/fonts/glyphicons-halflings-regular.ttf 
[2018-02-18 21-36-49] PHP User Warning: Invalid link: Destination must be non-empty string. in /Applications/MAMP/htdocs/test/vendor/nette/application/src/Application/UI/Presenter.php:1078  @  http://localhost:8888/test/www/bootstrap/fonts/glyphicons-halflings-regular.svg 
[2018-02-18 21-36-49] PHP User Warning: Invalid link: Destination must be non-empty string. in /Applications/MAMP/htdocs/test/vendor/nette/application/src/Application/UI/Presenter.php:1078  @  http://localhost:8888/test/www/bootstrap/fonts/glyphicons-halflings-regular.woff2 
[2018-02-18 21-36-49] PHP User Warning: Invalid link: Destination must be non-empty string. in /Applications/MAMP/htdocs/test/vendor/nette/application/src/Application/UI/Presenter.php:1078  @  http://localhost:8888/test/www/forum/categoriessdvasc 
[2018-02-18 21-37-16] PHP User Warning: Invalid link: Destination must be non-empty string. in /Applications/MAMP/htdocs/test/vendor/nette/application/src/Application/UI/Presenter.php:1078  @  http://localhost:8888/test/www/forum/categoriesacv 
[2018-02-21 16-34-42] PHP Notice: Undefined variable: currentURL in /Applications/MAMP/htdocs/test/temp/cache/latte/templates-components-header.latte--6c47184a4d.php:69  @  http://localhost:8888/test/www/profile/profile 
[2018-02-21 16-34-42] PHP Notice: Undefined variable: currentURL in /Applications/MAMP/htdocs/test/temp/cache/latte/templates-components-header.latte--6c47184a4d.php:74  @  http://localhost:8888/test/www/profile/profile 
[2018-02-21 16-34-42] PHP Notice: Undefined variable: currentURL in /Applications/MAMP/htdocs/test/temp/cache/latte/templates-components-header.latte--6c47184a4d.php:80  @  http://localhost:8888/test/www/profile/profile 
[2018-02-21 16-34-42] PHP User Warning: Invalid link: Cannot load presenter 'Posts', class 'App\Presenters\PostsPresenter' was not found. in /Applications/MAMP/htdocs/test/vendor/nette/application/src/Application/UI/Presenter.php:1078  @  http://localhost:8888/test/www/profile/profile 
[2018-02-21 16-34-42] PHP Notice: Undefined variable: currentURL in /Applications/MAMP/htdocs/test/temp/cache/latte/templates-components-header.latte--6c47184a4d.php:85  @  http://localhost:8888/test/www/profile/profile 
[2018-02-21 16-34-42] PHP Notice: Undefined variable: currentURL in /Applications/MAMP/htdocs/test/temp/cache/latte/templates-components-header.latte--6c47184a4d.php:91  @  http://localhost:8888/test/www/profile/profile 
[2018-02-21 16-34-42] PHP Notice: Undefined variable: currentURL in /Applications/MAMP/htdocs/test/temp/cache/latte/templates-components-header.latte--6c47184a4d.php:96  @  http://localhost:8888/test/www/profile/profile 
[2018-02-21 16-34-42] PHP Notice: Undefined variable: User in /Applications/MAMP/htdocs/test/temp/cache/latte/templates-components-header.latte--6c47184a4d.php:109  @  http://localhost:8888/test/www/profile/profile 
[2018-02-21 16-34-42] PHP Notice: Trying to get property of non-object in /Applications/MAMP/htdocs/test/temp/cache/latte/templates-components-header.latte--6c47184a4d.php:109  @  http://localhost:8888/test/www/profile/profile 
[2018-02-21 16-34-42] PHP Notice: Undefined variable: User in /Applications/MAMP/htdocs/test/temp/cache/latte/templates-components-header.latte--6c47184a4d.php:112  @  http://localhost:8888/test/www/profile/profile 
[2018-02-21 16-34-42] PHP Notice: Trying to get property of non-object in /Applications/MAMP/htdocs/test/temp/cache/latte/templates-components-header.latte--6c47184a4d.php:112  @  http://localhost:8888/test/www/profile/profile 
[2018-02-21 16-34-42] PHP Notice: Undefined variable: User in /Applications/MAMP/htdocs/test/temp/cache/latte/templates-components-header.latte--6c47184a4d.php:115  @  http://localhost:8888/test/www/profile/profile 
[2018-02-21 16-34-42] PHP Notice: Trying to get property of non-object in /Applications/MAMP/htdocs/test/temp/cache/latte/templates-components-header.latte--6c47184a4d.php:115  @  http://localhost:8888/test/www/profile/profile 
[2018-02-21 16-34-42] PHP Notice: Undefined variable: User in /Applications/MAMP/htdocs/test/temp/cache/latte/templates-components-header.latte--6c47184a4d.php:116  @  http://localhost:8888/test/www/profile/profile 
[2018-02-21 16-34-42] PHP Notice: Trying to get property of non-object in /Applications/MAMP/htdocs/test/temp/cache/latte/templates-components-header.latte--6c47184a4d.php:116  @  http://localhost:8888/test/www/profile/profile 
[2018-02-21 16-34-42] PHP Notice: Undefined variable: currentURL in /Applications/MAMP/htdocs/test/temp/cache/latte/templates-components-header.latte--6c47184a4d.php:69  @  http://localhost:8888/test/www/ 
[2018-02-21 16-34-42] PHP Notice: Undefined variable: currentURL in /Applications/MAMP/htdocs/test/temp/cache/latte/templates-components-header.latte--6c47184a4d.php:74  @  http://localhost:8888/test/www/ 
[2018-02-21 16-34-42] PHP Notice: Undefined variable: currentURL in /Applications/MAMP/htdocs/test/temp/cache/latte/templates-components-header.latte--6c47184a4d.php:80  @  http://localhost:8888/test/www/ 
[2018-02-21 16-34-42] PHP User Warning: Invalid link: Cannot load presenter 'Posts', class 'App\Presenters\PostsPresenter' was not found. in /Applications/MAMP/htdocs/test/vendor/nette/application/src/Application/UI/Presenter.php:1078  @  http://localhost:8888/test/www/ 
[2018-02-21 16-34-42] PHP Notice: Undefined variable: currentURL in /Applications/MAMP/htdocs/test/temp/cache/latte/templates-components-header.latte--6c47184a4d.php:85  @  http://localhost:8888/test/www/ 
[2018-02-21 16-34-42] PHP Notice: Undefined variable: currentURL in /Applications/MAMP/htdocs/test/temp/cache/latte/templates-components-header.latte--6c47184a4d.php:91  @  http://localhost:8888/test/www/ 
[2018-02-21 16-34-42] PHP Notice: Undefined variable: currentURL in /Applications/MAMP/htdocs/test/temp/cache/latte/templates-components-header.latte--6c47184a4d.php:96  @  http://localhost:8888/test/www/ 
[2018-02-21 16-34-42] PHP Notice: Undefined variable: User in /Applications/MAMP/htdocs/test/temp/cache/latte/templates-components-header.latte--6c47184a4d.php:109  @  http://localhost:8888/test/www/ 
[2018-02-21 16-34-42] PHP Notice: Trying to get property of non-object in /Applications/MAMP/htdocs/test/temp/cache/latte/templates-components-header.latte--6c47184a4d.php:109  @  http://localhost:8888/test/www/ 
[2018-02-21 16-34-42] PHP Notice: Undefined variable: User in /Applications/MAMP/htdocs/test/temp/cache/latte/templates-components-header.latte--6c47184a4d.php:112  @  http://localhost:8888/test/www/ 
[2018-02-21 16-34-42] PHP Notice: Trying to get property of non-object in /Applications/MAMP/htdocs/test/temp/cache/latte/templates-components-header.latte--6c47184a4d.php:112  @  http://localhost:8888/test/www/ 
[2018-02-21 16-34-42] PHP Notice: Undefined variable: User in /Applications/MAMP/htdocs/test/temp/cache/latte/templates-components-header.latte--6c47184a4d.php:115  @  http://localhost:8888/test/www/ 
[2018-02-21 16-34-42] PHP Notice: Trying to get property of non-object in /Applications/MAMP/htdocs/test/temp/cache/latte/templates-components-header.latte--6c47184a4d.php:115  @  http://localhost:8888/test/www/ 
[2018-02-21 16-34-42] PHP Notice: Undefined variable: User in /Applications/MAMP/htdocs/test/temp/cache/latte/templates-components-header.latte--6c47184a4d.php:116  @  http://localhost:8888/test/www/ 
[2018-02-21 16-34-42] PHP Notice: Trying to get property of non-object in /Applications/MAMP/htdocs/test/temp/cache/latte/templates-components-header.latte--6c47184a4d.php:116  @  http://localhost:8888/test/www/ 
[2018-02-21 16-34-42] PHP Notice: Undefined variable: currentURL in /Applications/MAMP/htdocs/test/temp/cache/latte/templates-components-header.latte--6c47184a4d.php:69  @  http://localhost:8888/test/www/profile/profile 
[2018-02-21 16-34-42] PHP Notice: Undefined variable: currentURL in /Applications/MAMP/htdocs/test/temp/cache/latte/templates-components-header.latte--6c47184a4d.php:74  @  http://localhost:8888/test/www/profile/profile 
[2018-02-21 16-34-42] PHP Notice: Undefined variable: currentURL in /Applications/MAMP/htdocs/test/temp/cache/latte/templates-components-header.latte--6c47184a4d.php:80  @  http://localhost:8888/test/www/profile/profile 
[2018-02-21 16-34-42] PHP User Warning: Invalid link: Cannot load presenter 'Posts', class 'App\Presenters\PostsPresenter' was not found. in /Applications/MAMP/htdocs/test/vendor/nette/application/src/Application/UI/Presenter.php:1078  @  http://localhost:8888/test/www/profile/profile 
[2018-02-21 16-34-42] PHP Notice: Undefined variable: currentURL in /Applications/MAMP/htdocs/test/temp/cache/latte/templates-components-header.latte--6c47184a4d.php:85  @  http://localhost:8888/test/www/profile/profile 
[2018-02-21 16-34-42] PHP Notice: Undefined variable: currentURL in /Applications/MAMP/htdocs/test/temp/cache/latte/templates-components-header.latte--6c47184a4d.php:91  @  http://localhost:8888/test/www/profile/profile 
[2018-02-21 16-34-42] PHP Notice: Undefined variable: currentURL in /Applications/MAMP/htdocs/test/temp/cache/latte/templates-components-header.latte--6c47184a4d.php:96  @  http://localhost:8888/test/www/profile/profile 
[2018-02-21 16-34-42] PHP Notice: Undefined variable: User in /Applications/MAMP/htdocs/test/temp/cache/latte/templates-components-header.latte--6c47184a4d.php:109  @  http://localhost:8888/test/www/profile/profile 
[2018-02-21 16-34-42] PHP Notice: Trying to get property of non-object in /Applications/MAMP/htdocs/test/temp/cache/latte/templates-components-header.latte--6c47184a4d.php:109  @  http://localhost:8888/test/www/profile/profile 
[2018-02-21 16-34-42] PHP Notice: Undefined variable: User in /Applications/MAMP/htdocs/test/temp/cache/latte/templates-components-header.latte--6c47184a4d.php:112  @  http://localhost:8888/test/www/profile/profile 
[2018-02-21 16-34-42] PHP Notice: Trying to get property of non-object in /Applications/MAMP/htdocs/test/temp/cache/latte/templates-components-header.latte--6c47184a4d.php:112  @  http://localhost:8888/test/www/profile/profile 
[2018-02-21 16-34-42] PHP Notice: Undefined variable: User in /Applications/MAMP/htdocs/test/temp/cache/latte/templates-components-header.latte--6c47184a4d.php:115  @  http://localhost:8888/test/www/profile/profile 
[2018-02-21 16-34-42] PHP Notice: Trying to get property of non-object in /Applications/MAMP/htdocs/test/temp/cache/latte/templates-components-header.latte--6c47184a4d.php:115  @  http://localhost:8888/test/www/profile/profile 
[2018-02-21 16-34-42] PHP Notice: Undefined variable: User in /Applications/MAMP/htdocs/test/temp/cache/latte/templates-components-header.latte--6c47184a4d.php:116  @  http://localhost:8888/test/www/profile/profile 
[2018-02-21 16-34-42] PHP Notice: Trying to get property of non-object in /Applications/MAMP/htdocs/test/temp/cache/latte/templates-components-header.latte--6c47184a4d.php:116  @  http://localhost:8888/test/www/profile/profile 
[2018-02-21 16-34-42] PHP Notice: Undefined variable: currentURL in /Applications/MAMP/htdocs/test/temp/cache/latte/templates-components-header.latte--6c47184a4d.php:69  @  http://localhost:8888/test/www/ 
[2018-02-21 16-34-42] PHP Notice: Undefined variable: currentURL in /Applications/MAMP/htdocs/test/temp/cache/latte/templates-components-header.latte--6c47184a4d.php:74  @  http://localhost:8888/test/www/ 
[2018-02-21 16-34-42] PHP Notice: Undefined variable: currentURL in /Applications/MAMP/htdocs/test/temp/cache/latte/templates-components-header.latte--6c47184a4d.php:80  @  http://localhost:8888/test/www/ 
[2018-02-21 16-34-42] PHP User Warning: Invalid link: Cannot load presenter 'Posts', class 'App\Presenters\PostsPresenter' was not found. in /Applications/MAMP/htdocs/test/vendor/nette/application/src/Application/UI/Presenter.php:1078  @  http://localhost:8888/test/www/ 
[2018-02-21 16-34-42] PHP Notice: Undefined variable: currentURL in /Applications/MAMP/htdocs/test/temp/cache/latte/templates-components-header.latte--6c47184a4d.php:85  @  http://localhost:8888/test/www/ 
[2018-02-21 16-34-42] PHP Notice: Undefined variable: currentURL in /Applications/MAMP/htdocs/test/temp/cache/latte/templates-components-header.latte--6c47184a4d.php:91  @  http://localhost:8888/test/www/ 
[2018-02-21 16-34-42] PHP Notice: Undefined variable: currentURL in /Applications/MAMP/htdocs/test/temp/cache/latte/templates-components-header.latte--6c47184a4d.php:96  @  http://localhost:8888/test/www/ 
[2018-02-21 16-34-42] PHP Notice: Undefined variable: User in /Applications/MAMP/htdocs/test/temp/cache/latte/templates-components-header.latte--6c47184a4d.php:109  @  http://localhost:8888/test/www/ 
[2018-02-21 16-34-42] PHP Notice: Trying to get property of non-object in /Applications/MAMP/htdocs/test/temp/cache/latte/templates-components-header.latte--6c47184a4d.php:109  @  http://localhost:8888/test/www/ 
[2018-02-21 16-34-42] PHP Notice: Undefined variable: User in /Applications/MAMP/htdocs/test/temp/cache/latte/templates-components-header.latte--6c47184a4d.php:112  @  http://localhost:8888/test/www/ 
[2018-02-21 16-34-42] PHP Notice: Trying to get property of non-object in /Applications/MAMP/htdocs/test/temp/cache/latte/templates-components-header.latte--6c47184a4d.php:112  @  http://localhost:8888/test/www/ 
[2018-02-21 16-34-42] PHP Notice: Undefined variable: User in /Applications/MAMP/htdocs/test/temp/cache/latte/templates-components-header.latte--6c47184a4d.php:115  @  http://localhost:8888/test/www/ 
[2018-02-21 16-34-42] PHP Notice: Trying to get property of non-object in /Applications/MAMP/htdocs/test/temp/cache/latte/templates-components-header.latte--6c47184a4d.php:115  @  http://localhost:8888/test/www/ 
[2018-02-21 16-34-42] PHP Notice: Undefined variable: User in /Applications/MAMP/htdocs/test/temp/cache/latte/templates-components-header.latte--6c47184a4d.php:116  @  http://localhost:8888/test/www/ 
[2018-02-21 16-34-42] PHP Notice: Trying to get property of non-object in /Applications/MAMP/htdocs/test/temp/cache/latte/templates-components-header.latte--6c47184a4d.php:116  @  http://localhost:8888/test/www/ 
[2018-02-21 16-34-43] PHP Notice: Undefined variable: currentURL in /Applications/MAMP/htdocs/test/temp/cache/latte/templates-components-header.latte--6c47184a4d.php:69  @  http://localhost:8888/test/www/profile/profile 
[2018-02-21 16-34-43] PHP Notice: Undefined variable: currentURL in /Applications/MAMP/htdocs/test/temp/cache/latte/templates-components-header.latte--6c47184a4d.php:74  @  http://localhost:8888/test/www/profile/profile 
[2018-02-21 16-34-43] PHP Notice: Undefined variable: currentURL in /Applications/MAMP/htdocs/test/temp/cache/latte/templates-components-header.latte--6c47184a4d.php:80  @  http://localhost:8888/test/www/profile/profile 
[2018-02-21 16-34-43] PHP User Warning: Invalid link: Cannot load presenter 'Posts', class 'App\Presenters\PostsPresenter' was not found. in /Applications/MAMP/htdocs/test/vendor/nette/application/src/Application/UI/Presenter.php:1078  @  http://localhost:8888/test/www/profile/profile 
[2018-02-21 16-34-43] PHP Notice: Undefined variable: currentURL in /Applications/MAMP/htdocs/test/temp/cache/latte/templates-components-header.latte--6c47184a4d.php:85  @  http://localhost:8888/test/www/profile/profile 
[2018-02-21 16-34-43] PHP Notice: Undefined variable: currentURL in /Applications/MAMP/htdocs/test/temp/cache/latte/templates-components-header.latte--6c47184a4d.php:91  @  http://localhost:8888/test/www/profile/profile 
[2018-02-21 16-34-43] PHP Notice: Undefined variable: currentURL in /Applications/MAMP/htdocs/test/temp/cache/latte/templates-components-header.latte--6c47184a4d.php:96  @  http://localhost:8888/test/www/profile/profile 
[2018-02-21 16-34-43] PHP Notice: Undefined variable: User in /Applications/MAMP/htdocs/test/temp/cache/latte/templates-components-header.latte--6c47184a4d.php:109  @  http://localhost:8888/test/www/profile/profile 
[2018-02-21 16-34-43] PHP Notice: Trying to get property of non-object in /Applications/MAMP/htdocs/test/temp/cache/latte/templates-components-header.latte--6c47184a4d.php:109  @  http://localhost:8888/test/www/profile/profile 
[2018-02-21 16-34-43] PHP Notice: Undefined variable: User in /Applications/MAMP/htdocs/test/temp/cache/latte/templates-components-header.latte--6c47184a4d.php:112  @  http://localhost:8888/test/www/profile/profile 
[2018-02-21 16-34-43] PHP Notice: Trying to get property of non-object in /Applications/MAMP/htdocs/test/temp/cache/latte/templates-components-header.latte--6c47184a4d.php:112  @  http://localhost:8888/test/www/profile/profile 
[2018-02-21 16-34-43] PHP Notice: Undefined variable: User in /Applications/MAMP/htdocs/test/temp/cache/latte/templates-components-header.latte--6c47184a4d.php:115  @  http://localhost:8888/test/www/profile/profile 
[2018-02-21 16-34-43] PHP Notice: Trying to get property of non-object in /Applications/MAMP/htdocs/test/temp/cache/latte/templates-components-header.latte--6c47184a4d.php:115  @  http://localhost:8888/test/www/profile/profile 
[2018-02-21 16-34-43] PHP Notice: Undefined variable: User in /Applications/MAMP/htdocs/test/temp/cache/latte/templates-components-header.latte--6c47184a4d.php:116  @  http://localhost:8888/test/www/profile/profile 
[2018-02-21 16-34-43] PHP Notice: Trying to get property of non-object in /Applications/MAMP/htdocs/test/temp/cache/latte/templates-components-header.latte--6c47184a4d.php:116  @  http://localhost:8888/test/www/profile/profile 
[2018-02-21 16-34-43] PHP Notice: Undefined variable: currentURL in /Applications/MAMP/htdocs/test/temp/cache/latte/templates-components-header.latte--6c47184a4d.php:69  @  http://localhost:8888/test/www/ 
[2018-02-21 16-34-43] PHP Notice: Undefined variable: currentURL in /Applications/MAMP/htdocs/test/temp/cache/latte/templates-components-header.latte--6c47184a4d.php:74  @  http://localhost:8888/test/www/ 
[2018-02-21 16-34-43] PHP Notice: Undefined variable: currentURL in /Applications/MAMP/htdocs/test/temp/cache/latte/templates-components-header.latte--6c47184a4d.php:80  @  http://localhost:8888/test/www/ 
[2018-02-21 16-34-43] PHP User Warning: Invalid link: Cannot load presenter 'Posts', class 'App\Presenters\PostsPresenter' was not found. in /Applications/MAMP/htdocs/test/vendor/nette/application/src/Application/UI/Presenter.php:1078  @  http://localhost:8888/test/www/ 
[2018-02-21 16-34-43] PHP Notice: Undefined variable: currentURL in /Applications/MAMP/htdocs/test/temp/cache/latte/templates-components-header.latte--6c47184a4d.php:85  @  http://localhost:8888/test/www/ 
[2018-02-21 16-34-43] PHP Notice: Undefined variable: currentURL in /Applications/MAMP/htdocs/test/temp/cache/latte/templates-components-header.latte--6c47184a4d.php:91  @  http://localhost:8888/test/www/ 
[2018-02-21 16-34-43] PHP Notice: Undefined variable: currentURL in /Applications/MAMP/htdocs/test/temp/cache/latte/templates-components-header.latte--6c47184a4d.php:96  @  http://localhost:8888/test/www/ 
[2018-02-21 16-34-43] PHP Notice: Undefined variable: User in /Applications/MAMP/htdocs/test/temp/cache/latte/templates-components-header.latte--6c47184a4d.php:109  @  http://localhost:8888/test/www/ 
[2018-02-21 16-34-43] PHP Notice: Trying to get property of non-object in /Applications/MAMP/htdocs/test/temp/cache/latte/templates-components-header.latte--6c47184a4d.php:109  @  http://localhost:8888/test/www/ 
[2018-02-21 16-34-43] PHP Notice: Undefined variable: User in /Applications/MAMP/htdocs/test/temp/cache/latte/templates-components-header.latte--6c47184a4d.php:112  @  http://localhost:8888/test/www/ 
[2018-02-21 16-34-43] PHP Notice: Trying to get property of non-object in /Applications/MAMP/htdocs/test/temp/cache/latte/templates-components-header.latte--6c47184a4d.php:112  @  http://localhost:8888/test/www/ 
[2018-02-21 16-34-43] PHP Notice: Undefined variable: User in /Applications/MAMP/htdocs/test/temp/cache/latte/templates-components-header.latte--6c47184a4d.php:115  @  http://localhost:8888/test/www/ 
[2018-02-21 16-34-43] PHP Notice: Trying to get property of non-object in /Applications/MAMP/htdocs/test/temp/cache/latte/templates-components-header.latte--6c47184a4d.php:115  @  http://localhost:8888/test/www/ 
[2018-02-21 16-34-43] PHP Notice: Undefined variable: User in /Applications/MAMP/htdocs/test/temp/cache/latte/templates-components-header.latte--6c47184a4d.php:116  @  http://localhost:8888/test/www/ 
[2018-02-21 16-34-43] PHP Notice: Trying to get property of non-object in /Applications/MAMP/htdocs/test/temp/cache/latte/templates-components-header.latte--6c47184a4d.php:116  @  http://localhost:8888/test/www/ 
[2018-02-21 16-34-43] PHP Notice: Undefined variable: currentURL in /Applications/MAMP/htdocs/test/temp/cache/latte/templates-components-header.latte--6c47184a4d.php:69  @  http://localhost:8888/test/www/ 
[2018-02-21 16-34-43] PHP Notice: Undefined variable: currentURL in /Applications/MAMP/htdocs/test/temp/cache/latte/templates-components-header.latte--6c47184a4d.php:74  @  http://localhost:8888/test/www/ 
[2018-02-21 16-34-43] PHP Notice: Undefined variable: currentURL in /Applications/MAMP/htdocs/test/temp/cache/latte/templates-components-header.latte--6c47184a4d.php:80  @  http://localhost:8888/test/www/ 
[2018-02-21 16-34-43] PHP User Warning: Invalid link: Cannot load presenter 'Posts', class 'App\Presenters\PostsPresenter' was not found. in /Applications/MAMP/htdocs/test/vendor/nette/application/src/Application/UI/Presenter.php:1078  @  http://localhost:8888/test/www/ 
[2018-02-21 16-34-43] PHP Notice: Undefined variable: currentURL in /Applications/MAMP/htdocs/test/temp/cache/latte/templates-components-header.latte--6c47184a4d.php:85  @  http://localhost:8888/test/www/ 
[2018-02-21 16-34-43] PHP Notice: Undefined variable: currentURL in /Applications/MAMP/htdocs/test/temp/cache/latte/templates-components-header.latte--6c47184a4d.php:91  @  http://localhost:8888/test/www/ 
[2018-02-21 16-34-43] PHP Notice: Undefined variable: currentURL in /Applications/MAMP/htdocs/test/temp/cache/latte/templates-components-header.latte--6c47184a4d.php:96  @  http://localhost:8888/test/www/ 
[2018-02-21 16-34-43] PHP Notice: Undefined variable: User in /Applications/MAMP/htdocs/test/temp/cache/latte/templates-components-header.latte--6c47184a4d.php:109  @  http://localhost:8888/test/www/ 
[2018-02-21 16-34-43] PHP Notice: Trying to get property of non-object in /Applications/MAMP/htdocs/test/temp/cache/latte/templates-components-header.latte--6c47184a4d.php:109  @  http://localhost:8888/test/www/ 
[2018-02-21 16-34-43] PHP Notice: Undefined variable: User in /Applications/MAMP/htdocs/test/temp/cache/latte/templates-components-header.latte--6c47184a4d.php:112  @  http://localhost:8888/test/www/ 
[2018-02-21 16-34-43] PHP Notice: Trying to get property of non-object in /Applications/MAMP/htdocs/test/temp/cache/latte/templates-components-header.latte--6c47184a4d.php:112  @  http://localhost:8888/test/www/ 
[2018-02-21 16-34-43] PHP Notice: Undefined variable: User in /Applications/MAMP/htdocs/test/temp/cache/latte/templates-components-header.latte--6c47184a4d.php:115  @  http://localhost:8888/test/www/ 
[2018-02-21 16-34-43] PHP Notice: Trying to get property of non-object in /Applications/MAMP/htdocs/test/temp/cache/latte/templates-components-header.latte--6c47184a4d.php:115  @  http://localhost:8888/test/www/ 
[2018-02-21 16-34-43] PHP Notice: Undefined variable: User in /Applications/MAMP/htdocs/test/temp/cache/latte/templates-components-header.latte--6c47184a4d.php:116  @  http://localhost:8888/test/www/ 
[2018-02-21 16-34-43] PHP Notice: Trying to get property of non-object in /Applications/MAMP/htdocs/test/temp/cache/latte/templates-components-header.latte--6c47184a4d.php:116  @  http://localhost:8888/test/www/ 
[2018-02-21 16-36-09] PHP Notice: Undefined variable: currentURL in /Applications/MAMP/htdocs/test/temp/cache/latte/templates-components-header.latte--6c47184a4d.php:69  @  http://localhost:8888/test/www/profile/profile 
[2018-02-21 16-36-09] PHP Notice: Undefined variable: currentURL in /Applications/MAMP/htdocs/test/temp/cache/latte/templates-components-header.latte--6c47184a4d.php:74  @  http://localhost:8888/test/www/profile/profile 
[2018-02-21 16-36-09] PHP Notice: Undefined variable: currentURL in /Applications/MAMP/htdocs/test/temp/cache/latte/templates-components-header.latte--6c47184a4d.php:80  @  http://localhost:8888/test/www/profile/profile 
[2018-02-21 16-36-09] PHP User Warning: Invalid link: Cannot load presenter 'Posts', class 'App\Presenters\PostsPresenter' was not found. in /Applications/MAMP/htdocs/test/vendor/nette/application/src/Application/UI/Presenter.php:1078  @  http://localhost:8888/test/www/profile/profile 
[2018-02-21 16-36-09] PHP Notice: Undefined variable: currentURL in /Applications/MAMP/htdocs/test/temp/cache/latte/templates-components-header.latte--6c47184a4d.php:85  @  http://localhost:8888/test/www/profile/profile 
[2018-02-21 16-36-09] PHP Notice: Undefined variable: currentURL in /Applications/MAMP/htdocs/test/temp/cache/latte/templates-components-header.latte--6c47184a4d.php:91  @  http://localhost:8888/test/www/profile/profile 
[2018-02-21 16-36-09] PHP Notice: Undefined variable: currentURL in /Applications/MAMP/htdocs/test/temp/cache/latte/templates-components-header.latte--6c47184a4d.php:96  @  http://localhost:8888/test/www/profile/profile 
[2018-02-21 16-36-09] PHP Notice: Undefined variable: User in /Applications/MAMP/htdocs/test/temp/cache/latte/templates-components-header.latte--6c47184a4d.php:109  @  http://localhost:8888/test/www/profile/profile 
[2018-02-21 16-36-09] PHP Notice: Trying to get property of non-object in /Applications/MAMP/htdocs/test/temp/cache/latte/templates-components-header.latte--6c47184a4d.php:109  @  http://localhost:8888/test/www/profile/profile 
[2018-02-21 16-36-09] PHP Notice: Undefined variable: User in /Applications/MAMP/htdocs/test/temp/cache/latte/templates-components-header.latte--6c47184a4d.php:112  @  http://localhost:8888/test/www/profile/profile 
[2018-02-21 16-36-09] PHP Notice: Trying to get property of non-object in /Applications/MAMP/htdocs/test/temp/cache/latte/templates-components-header.latte--6c47184a4d.php:112  @  http://localhost:8888/test/www/profile/profile 
[2018-02-21 16-36-09] PHP Notice: Undefined variable: User in /Applications/MAMP/htdocs/test/temp/cache/latte/templates-components-header.latte--6c47184a4d.php:115  @  http://localhost:8888/test/www/profile/profile 
[2018-02-21 16-36-09] PHP Notice: Trying to get property of non-object in /Applications/MAMP/htdocs/test/temp/cache/latte/templates-components-header.latte--6c47184a4d.php:115  @  http://localhost:8888/test/www/profile/profile 
[2018-02-21 16-36-09] PHP Notice: Undefined variable: User in /Applications/MAMP/htdocs/test/temp/cache/latte/templates-components-header.latte--6c47184a4d.php:116  @  http://localhost:8888/test/www/profile/profile 
[2018-02-21 16-36-09] PHP Notice: Trying to get property of non-object in /Applications/MAMP/htdocs/test/temp/cache/latte/templates-components-header.latte--6c47184a4d.php:116  @  http://localhost:8888/test/www/profile/profile 
[2018-02-21 16-36-09] PHP Notice: Undefined variable: currentURL in /Applications/MAMP/htdocs/test/temp/cache/latte/templates-components-header.latte--6c47184a4d.php:69  @  http://localhost:8888/test/www/ 
[2018-02-21 16-36-09] PHP Notice: Undefined variable: currentURL in /Applications/MAMP/htdocs/test/temp/cache/latte/templates-components-header.latte--6c47184a4d.php:74  @  http://localhost:8888/test/www/ 
[2018-02-21 16-36-09] PHP Notice: Undefined variable: currentURL in /Applications/MAMP/htdocs/test/temp/cache/latte/templates-components-header.latte--6c47184a4d.php:80  @  http://localhost:8888/test/www/ 
[2018-02-21 16-36-09] PHP User Warning: Invalid link: Cannot load presenter 'Posts', class 'App\Presenters\PostsPresenter' was not found. in /Applications/MAMP/htdocs/test/vendor/nette/application/src/Application/UI/Presenter.php:1078  @  http://localhost:8888/test/www/ 
[2018-02-21 16-36-09] PHP Notice: Undefined variable: currentURL in /Applications/MAMP/htdocs/test/temp/cache/latte/templates-components-header.latte--6c47184a4d.php:85  @  http://localhost:8888/test/www/ 
[2018-02-21 16-36-09] PHP Notice: Undefined variable: currentURL in /Applications/MAMP/htdocs/test/temp/cache/latte/templates-components-header.latte--6c47184a4d.php:91  @  http://localhost:8888/test/www/ 
[2018-02-21 16-36-09] PHP Notice: Undefined variable: currentURL in /Applications/MAMP/htdocs/test/temp/cache/latte/templates-components-header.latte--6c47184a4d.php:96  @  http://localhost:8888/test/www/ 
[2018-02-21 16-36-09] PHP Notice: Undefined variable: User in /Applications/MAMP/htdocs/test/temp/cache/latte/templates-components-header.latte--6c47184a4d.php:109  @  http://localhost:8888/test/www/ 
[2018-02-21 16-36-09] PHP Notice: Trying to get property of non-object in /Applications/MAMP/htdocs/test/temp/cache/latte/templates-components-header.latte--6c47184a4d.php:109  @  http://localhost:8888/test/www/ 
[2018-02-21 16-36-09] PHP Notice: Undefined variable: User in /Applications/MAMP/htdocs/test/temp/cache/latte/templates-components-header.latte--6c47184a4d.php:112  @  http://localhost:8888/test/www/ 
[2018-02-21 16-36-09] PHP Notice: Trying to get property of non-object in /Applications/MAMP/htdocs/test/temp/cache/latte/templates-components-header.latte--6c47184a4d.php:112  @  http://localhost:8888/test/www/ 
[2018-02-21 16-36-09] PHP Notice: Undefined variable: User in /Applications/MAMP/htdocs/test/temp/cache/latte/templates-components-header.latte--6c47184a4d.php:115  @  http://localhost:8888/test/www/ 
[2018-02-21 16-36-09] PHP Notice: Trying to get property of non-object in /Applications/MAMP/htdocs/test/temp/cache/latte/templates-components-header.latte--6c47184a4d.php:115  @  http://localhost:8888/test/www/ 
[2018-02-21 16-36-09] PHP Notice: Undefined variable: User in /Applications/MAMP/htdocs/test/temp/cache/latte/templates-components-header.latte--6c47184a4d.php:116  @  http://localhost:8888/test/www/ 
[2018-02-21 16-36-09] PHP Notice: Trying to get property of non-object in /Applications/MAMP/htdocs/test/temp/cache/latte/templates-components-header.latte--6c47184a4d.php:116  @  http://localhost:8888/test/www/ 
[2018-02-21 16-36-10] PHP Notice: Undefined variable: currentURL in /Applications/MAMP/htdocs/test/temp/cache/latte/templates-components-header.latte--6c47184a4d.php:69  @  http://localhost:8888/test/www/profile/profile 
[2018-02-21 16-36-10] PHP Notice: Undefined variable: currentURL in /Applications/MAMP/htdocs/test/temp/cache/latte/templates-components-header.latte--6c47184a4d.php:74  @  http://localhost:8888/test/www/profile/profile 
[2018-02-21 16-36-10] PHP Notice: Undefined variable: currentURL in /Applications/MAMP/htdocs/test/temp/cache/latte/templates-components-header.latte--6c47184a4d.php:80  @  http://localhost:8888/test/www/profile/profile 
[2018-02-21 16-36-10] PHP User Warning: Invalid link: Cannot load presenter 'Posts', class 'App\Presenters\PostsPresenter' was not found. in /Applications/MAMP/htdocs/test/vendor/nette/application/src/Application/UI/Presenter.php:1078  @  http://localhost:8888/test/www/profile/profile 
[2018-02-21 16-36-10] PHP Notice: Undefined variable: currentURL in /Applications/MAMP/htdocs/test/temp/cache/latte/templates-components-header.latte--6c47184a4d.php:85  @  http://localhost:8888/test/www/profile/profile 
[2018-02-21 16-36-10] PHP Notice: Undefined variable: currentURL in /Applications/MAMP/htdocs/test/temp/cache/latte/templates-components-header.latte--6c47184a4d.php:91  @  http://localhost:8888/test/www/profile/profile 
[2018-02-21 16-36-10] PHP Notice: Undefined variable: currentURL in /Applications/MAMP/htdocs/test/temp/cache/latte/templates-components-header.latte--6c47184a4d.php:96  @  http://localhost:8888/test/www/profile/profile 
[2018-02-21 16-36-10] PHP Notice: Undefined variable: User in /Applications/MAMP/htdocs/test/temp/cache/latte/templates-components-header.latte--6c47184a4d.php:109  @  http://localhost:8888/test/www/profile/profile 
[2018-02-21 16-36-10] PHP Notice: Trying to get property of non-object in /Applications/MAMP/htdocs/test/temp/cache/latte/templates-components-header.latte--6c47184a4d.php:109  @  http://localhost:8888/test/www/profile/profile 
[2018-02-21 16-36-10] PHP Notice: Undefined variable: User in /Applications/MAMP/htdocs/test/temp/cache/latte/templates-components-header.latte--6c47184a4d.php:112  @  http://localhost:8888/test/www/profile/profile 
[2018-02-21 16-36-10] PHP Notice: Trying to get property of non-object in /Applications/MAMP/htdocs/test/temp/cache/latte/templates-components-header.latte--6c47184a4d.php:112  @  http://localhost:8888/test/www/profile/profile 
[2018-02-21 16-36-10] PHP Notice: Undefined variable: User in /Applications/MAMP/htdocs/test/temp/cache/latte/templates-components-header.latte--6c47184a4d.php:115  @  http://localhost:8888/test/www/profile/profile 
[2018-02-21 16-36-10] PHP Notice: Trying to get property of non-object in /Applications/MAMP/htdocs/test/temp/cache/latte/templates-components-header.latte--6c47184a4d.php:115  @  http://localhost:8888/test/www/profile/profile 
[2018-02-21 16-36-10] PHP Notice: Undefined variable: User in /Applications/MAMP/htdocs/test/temp/cache/latte/templates-components-header.latte--6c47184a4d.php:116  @  http://localhost:8888/test/www/profile/profile 
[2018-02-21 16-36-10] PHP Notice: Trying to get property of non-object in /Applications/MAMP/htdocs/test/temp/cache/latte/templates-components-header.latte--6c47184a4d.php:116  @  http://localhost:8888/test/www/profile/profile 
[2018-02-21 16-36-10] PHP Notice: Undefined variable: currentURL in /Applications/MAMP/htdocs/test/temp/cache/latte/templates-components-header.latte--6c47184a4d.php:69  @  http://localhost:8888/test/www/ 
[2018-02-21 16-36-10] PHP Notice: Undefined variable: currentURL in /Applications/MAMP/htdocs/test/temp/cache/latte/templates-components-header.latte--6c47184a4d.php:74  @  http://localhost:8888/test/www/ 
[2018-02-21 16-36-10] PHP Notice: Undefined variable: currentURL in /Applications/MAMP/htdocs/test/temp/cache/latte/templates-components-header.latte--6c47184a4d.php:80  @  http://localhost:8888/test/www/ 
[2018-02-21 16-36-10] PHP User Warning: Invalid link: Cannot load presenter 'Posts', class 'App\Presenters\PostsPresenter' was not found. in /Applications/MAMP/htdocs/test/vendor/nette/application/src/Application/UI/Presenter.php:1078  @  http://localhost:8888/test/www/ 
[2018-02-21 16-36-10] PHP Notice: Undefined variable: currentURL in /Applications/MAMP/htdocs/test/temp/cache/latte/templates-components-header.latte--6c47184a4d.php:85  @  http://localhost:8888/test/www/ 
[2018-02-21 16-36-10] PHP Notice: Undefined variable: currentURL in /Applications/MAMP/htdocs/test/temp/cache/latte/templates-components-header.latte--6c47184a4d.php:91  @  http://localhost:8888/test/www/ 
[2018-02-21 16-36-10] PHP Notice: Undefined variable: currentURL in /Applications/MAMP/htdocs/test/temp/cache/latte/templates-components-header.latte--6c47184a4d.php:96  @  http://localhost:8888/test/www/ 
[2018-02-21 16-36-10] PHP Notice: Undefined variable: User in /Applications/MAMP/htdocs/test/temp/cache/latte/templates-components-header.latte--6c47184a4d.php:109  @  http://localhost:8888/test/www/ 
[2018-02-21 16-36-10] PHP Notice: Trying to get property of non-object in /Applications/MAMP/htdocs/test/temp/cache/latte/templates-components-header.latte--6c47184a4d.php:109  @  http://localhost:8888/test/www/ 
[2018-02-21 16-36-10] PHP Notice: Undefined variable: User in /Applications/MAMP/htdocs/test/temp/cache/latte/templates-components-header.latte--6c47184a4d.php:112  @  http://localhost:8888/test/www/ 
[2018-02-21 16-36-10] PHP Notice: Trying to get property of non-object in /Applications/MAMP/htdocs/test/temp/cache/latte/templates-components-header.latte--6c47184a4d.php:112  @  http://localhost:8888/test/www/ 
[2018-02-21 16-36-10] PHP Notice: Undefined variable: User in /Applications/MAMP/htdocs/test/temp/cache/latte/templates-components-header.latte--6c47184a4d.php:115  @  http://localhost:8888/test/www/ 
[2018-02-21 16-36-10] PHP Notice: Trying to get property of non-object in /Applications/MAMP/htdocs/test/temp/cache/latte/templates-components-header.latte--6c47184a4d.php:115  @  http://localhost:8888/test/www/ 
[2018-02-21 16-36-10] PHP Notice: Undefined variable: User in /Applications/MAMP/htdocs/test/temp/cache/latte/templates-components-header.latte--6c47184a4d.php:116  @  http://localhost:8888/test/www/ 
[2018-02-21 16-36-10] PHP Notice: Trying to get property of non-object in /Applications/MAMP/htdocs/test/temp/cache/latte/templates-components-header.latte--6c47184a4d.php:116  @  http://localhost:8888/test/www/ 
[2018-02-21 16-36-10] PHP Notice: Undefined variable: currentURL in /Applications/MAMP/htdocs/test/temp/cache/latte/templates-components-header.latte--6c47184a4d.php:69  @  http://localhost:8888/test/www/ 
[2018-02-21 16-36-10] PHP Notice: Undefined variable: currentURL in /Applications/MAMP/htdocs/test/temp/cache/latte/templates-components-header.latte--6c47184a4d.php:74  @  http://localhost:8888/test/www/ 
[2018-02-21 16-36-10] PHP Notice: Undefined variable: currentURL in /Applications/MAMP/htdocs/test/temp/cache/latte/templates-components-header.latte--6c47184a4d.php:80  @  http://localhost:8888/test/www/ 
[2018-02-21 16-36-10] PHP User Warning: Invalid link: Cannot load presenter 'Posts', class 'App\Presenters\PostsPresenter' was not found. in /Applications/MAMP/htdocs/test/vendor/nette/application/src/Application/UI/Presenter.php:1078  @  http://localhost:8888/test/www/ 
[2018-02-21 16-36-10] PHP Notice: Undefined variable: currentURL in /Applications/MAMP/htdocs/test/temp/cache/latte/templates-components-header.latte--6c47184a4d.php:85  @  http://localhost:8888/test/www/ 
[2018-02-21 16-36-10] PHP Notice: Undefined variable: currentURL in /Applications/MAMP/htdocs/test/temp/cache/latte/templates-components-header.latte--6c47184a4d.php:91  @  http://localhost:8888/test/www/ 
[2018-02-21 16-36-10] PHP Notice: Undefined variable: currentURL in /Applications/MAMP/htdocs/test/temp/cache/latte/templates-components-header.latte--6c47184a4d.php:96  @  http://localhost:8888/test/www/ 
[2018-02-21 16-36-10] PHP Notice: Undefined variable: User in /Applications/MAMP/htdocs/test/temp/cache/latte/templates-components-header.latte--6c47184a4d.php:109  @  http://localhost:8888/test/www/ 
[2018-02-21 16-36-10] PHP Notice: Trying to get property of non-object in /Applications/MAMP/htdocs/test/temp/cache/latte/templates-components-header.latte--6c47184a4d.php:109  @  http://localhost:8888/test/www/ 
[2018-02-21 16-36-10] PHP Notice: Undefined variable: User in /Applications/MAMP/htdocs/test/temp/cache/latte/templates-components-header.latte--6c47184a4d.php:112  @  http://localhost:8888/test/www/ 
[2018-02-21 16-36-10] PHP Notice: Trying to get property of non-object in /Applications/MAMP/htdocs/test/temp/cache/latte/templates-components-header.latte--6c47184a4d.php:112  @  http://localhost:8888/test/www/ 
[2018-02-21 16-36-10] PHP Notice: Undefined variable: User in /Applications/MAMP/htdocs/test/temp/cache/latte/templates-components-header.latte--6c47184a4d.php:115  @  http://localhost:8888/test/www/ 
[2018-02-21 16-36-10] PHP Notice: Trying to get property of non-object in /Applications/MAMP/htdocs/test/temp/cache/latte/templates-components-header.latte--6c47184a4d.php:115  @  http://localhost:8888/test/www/ 
[2018-02-21 16-36-10] PHP Notice: Undefined variable: User in /Applications/MAMP/htdocs/test/temp/cache/latte/templates-components-header.latte--6c47184a4d.php:116  @  http://localhost:8888/test/www/ 
[2018-02-21 16-36-10] PHP Notice: Trying to get property of non-object in /Applications/MAMP/htdocs/test/temp/cache/latte/templates-components-header.latte--6c47184a4d.php:116  @  http://localhost:8888/test/www/ 
